<?xml version="1.0" encoding="UTF-8"?>
<testsuite name="com.Sydenyopera.test.TestRunWebSuite" time="0.017" tests="18" errors="2" skipped="15" failures="0">
  <properties>
    <property name="java.runtime.name" value="Java(TM) SE Runtime Environment"/>
    <property name="sun.boot.library.path" value="C:\Program Files\Java\jdk1.8.0_101\jre\bin"/>
    <property name="java.vm.version" value="25.101-b13"/>
    <property name="java.vm.vendor" value="Oracle Corporation"/>
    <property name="maven.multiModuleProjectDirectory" value="C:\Users\aasgh2\Desktop\OperaHouse"/>
    <property name="java.vendor.url" value="http://java.oracle.com/"/>
    <property name="path.separator" value=";"/>
    <property name="guice.disable.misplaced.annotation.check" value="true"/>
    <property name="java.vm.name" value="Java HotSpot(TM) 64-Bit Server VM"/>
    <property name="file.encoding.pkg" value="sun.io"/>
    <property name="user.script" value=""/>
    <property name="user.country" value="US"/>
    <property name="sun.java.launcher" value="SUN_STANDARD"/>
    <property name="sun.os.patch.level" value="Service Pack 1"/>
    <property name="java.vm.specification.name" value="Java Virtual Machine Specification"/>
    <property name="user.dir" value="C:\Users\aasgh2\Desktop\OperaHouse"/>
    <property name="java.runtime.version" value="1.8.0_101-b13"/>
    <property name="java.awt.graphicsenv" value="sun.awt.Win32GraphicsEnvironment"/>
    <property name="java.endorsed.dirs" value="C:\Program Files\Java\jdk1.8.0_101\jre\lib\endorsed"/>
    <property name="os.arch" value="amd64"/>
    <property name="java.io.tmpdir" value="C:\Users\aasgh2\AppData\Local\Temp\"/>
    <property name="line.separator" value="&#10;"/>
    <property name="java.vm.specification.vendor" value="Oracle Corporation"/>
    <property name="user.variant" value=""/>
    <property name="os.name" value="Windows 7"/>
    <property name="classworlds.conf" value="C:\Users\aasgh2\workspace\.metadata\.plugins\org.eclipse.m2e.launching\launches\m2conf5595429783212260113.tmp"/>
    <property name="sun.jnu.encoding" value="Cp1252"/>
    <property name="java.library.path" value="C:\Program Files\Java\jdk1.8.0_101\bin;C:\Windows\Sun\Java\bin;C:\Windows\system32;C:\Windows;C:/Program Files/Java/jdk1.8.0_101/bin/../jre/bin/server;C:/Program Files/Java/jdk1.8.0_101/bin/../jre/bin;C:/Program Files/Java/jdk1.8.0_101/bin/../jre/lib/amd64;C:\Program Files\Java\jdk1.8.0_101\bin;C:\Program Files\nodejs\;C:\Users\aasgh2\AppData\Local\Android\android-sdk/tools;C:\Users\aasgh2\AppData\Local\Android\android-sdk/\platform-tools;C:\Program Files\Git\cmd;C:\Program Files\Git\mingw64\bin;C:\Program Files\Git\usr\bin;C:\Program Files\Intel\WiFi\bin\;C:\Program Files\Common Files\Intel\WirelessCommon\;C:\Users\aasgh2\AppData\Roaming\npm;C:\Users\aasgh2\Desktop;;."/>
    <property name="java.specification.name" value="Java Platform API Specification"/>
    <property name="java.class.version" value="52.0"/>
    <property name="sun.management.compiler" value="HotSpot 64-Bit Tiered Compilers"/>
    <property name="os.version" value="6.1"/>
    <property name="user.home" value="C:\Users\aasgh2"/>
    <property name="user.timezone" value="Asia/Calcutta"/>
    <property name="java.awt.printerjob" value="sun.awt.windows.WPrinterJob"/>
    <property name="java.specification.version" value="1.8"/>
    <property name="file.encoding" value="Cp1252"/>
    <property name="user.name" value="aasgh2"/>
    <property name="java.class.path" value="/C:/Users/aasgh2/eclipse/java-neon2/eclipse/../../../.p2/pool/plugins/org.eclipse.m2e.maven.runtime_1.7.0.20160603-1931/jars/plexus-classworlds-2.5.2.jar"/>
    <property name="java.vm.specification.version" value="1.8"/>
    <property name="sun.arch.data.model" value="64"/>
    <property name="java.home" value="C:\Program Files\Java\jdk1.8.0_101\jre"/>
    <property name="sun.java.command" value="org.codehaus.plexus.classworlds.launcher.Launcher -B install"/>
    <property name="java.specification.vendor" value="Oracle Corporation"/>
    <property name="user.language" value="en"/>
    <property name="awt.toolkit" value="sun.awt.windows.WToolkit"/>
    <property name="java.vm.info" value="mixed mode"/>
    <property name="java.version" value="1.8.0_101"/>
    <property name="java.ext.dirs" value="C:\Program Files\Java\jdk1.8.0_101\jre\lib\ext;C:\Windows\Sun\Java\lib\ext"/>
    <property name="sun.boot.class.path" value="C:\Program Files\Java\jdk1.8.0_101\jre\lib\resources.jar;C:\Program Files\Java\jdk1.8.0_101\jre\lib\rt.jar;C:\Program Files\Java\jdk1.8.0_101\jre\lib\sunrsasign.jar;C:\Program Files\Java\jdk1.8.0_101\jre\lib\jsse.jar;C:\Program Files\Java\jdk1.8.0_101\jre\lib\jce.jar;C:\Program Files\Java\jdk1.8.0_101\jre\lib\charsets.jar;C:\Program Files\Java\jdk1.8.0_101\jre\lib\jfr.jar;C:\Program Files\Java\jdk1.8.0_101\jre\classes"/>
    <property name="java.vendor" value="Oracle Corporation"/>
    <property name="maven.home" value="C:\Users\aasgh2\Desktop\OperaHouse\EMBEDDED"/>
    <property name="file.separator" value="\"/>
    <property name="java.vendor.url.bug" value="http://bugreport.sun.com/bugreport/"/>
    <property name="sun.cpu.endian" value="little"/>
    <property name="sun.io.unicode.encoding" value="UnicodeLittle"/>
    <property name="sun.desktop" value="windows"/>
    <property name="sun.cpu.isalist" value="amd64"/>
  </properties>
  <testcase name="Given user is at tour calender page" classname="| AUGUST | 29 | gmalik4@sapient.com | secret11 | Jørn Utzon | 41111111111111111 | 03/2020 | 123 |" time="0.001"/>
  <testcase name="Then user Select a  month &quot;&lt;month&gt;&quot; and  date &quot;29&quot;" classname="| AUGUST | 29 | gmalik4@sapient.com | secret11 | Jørn Utzon | 41111111111111111 | 03/2020 | 123 |" time="0.008">
    <error message="Timed out after 100 seconds waiting for visibility of Proxy element for: org.openqa.selenium.support.pagefactory.DefaultElementLocator@20d11153&#10;Build info: version: &apos;2.53.1&apos;, revision: &apos;a36b8b1cd5757287168e54b817830adce9b0158d&apos;, time: &apos;2016-06-30 19:26:09&apos;&#10;System info: host: &apos;delaasgh231199&apos;, ip: &apos;10.202.60.205&apos;, os.name: &apos;Windows 7&apos;, os.arch: &apos;amd64&apos;, os.version: &apos;6.1&apos;, java.version: &apos;1.8.0_101&apos;&#10;Driver info: driver.version: unknown" type="org.openqa.selenium.TimeoutException"><![CDATA[org.openqa.selenium.TimeoutException: Timed out after 100 seconds waiting for visibility of Proxy element for: org.openqa.selenium.support.pagefactory.DefaultElementLocator@20d11153
Build info: version: '2.53.1', revision: 'a36b8b1cd5757287168e54b817830adce9b0158d', time: '2016-06-30 19:26:09'
System info: host: 'delaasgh231199', ip: '10.202.60.205', os.name: 'Windows 7', os.arch: 'amd64', os.version: '6.1', java.version: '1.8.0_101'
Driver info: driver.version: unknown
	at <anonymous class>.FirefoxDriver.annotateInvalidSelectorError_(file:///C:/Users/aasgh2/AppData/Local/Temp/anonymous9005607609917230851webdriver-profile/extensions/fxdriver@googlecode.com/components/driver-component.js:10744)
	at <anonymous class>.FirefoxDriver.prototype.findElementInternal_(file:///C:/Users/aasgh2/AppData/Local/Temp/anonymous9005607609917230851webdriver-profile/extensions/fxdriver@googlecode.com/components/driver-component.js:10775)
	at <anonymous class>.FirefoxDriver.prototype.findElement(file:///C:/Users/aasgh2/AppData/Local/Temp/anonymous9005607609917230851webdriver-profile/extensions/fxdriver@googlecode.com/components/driver-component.js:10779)
	at <anonymous class>.DelayedCommand.prototype.executeInternal_/h(file:///C:/Users/aasgh2/AppData/Local/Temp/anonymous9005607609917230851webdriver-profile/extensions/fxdriver@googlecode.com/components/command-processor.js:12661)
	at <anonymous class>.DelayedCommand.prototype.executeInternal_(file:///C:/Users/aasgh2/AppData/Local/Temp/anonymous9005607609917230851webdriver-profile/extensions/fxdriver@googlecode.com/components/command-processor.js:12666)
	at <anonymous class>.DelayedCommand.prototype.execute/<(file:///C:/Users/aasgh2/AppData/Local/Temp/anonymous9005607609917230851webdriver-profile/extensions/fxdriver@googlecode.com/components/command-processor.js:12608)
]]></error>
  </testcase>
  <testcase name="| AUGUST | 29 | gmalik4@sapient.com | secret11 | Jørn Utzon | 41111111111111111 | 03/2020 | 123 |" classname="| AUGUST | 29 | gmalik4@sapient.com | secret11 | Jørn Utzon | 41111111111111111 | 03/2020 | 123 |" time="0.008">
    <error message="Timed out after 100 seconds waiting for visibility of Proxy element for: org.openqa.selenium.support.pagefactory.DefaultElementLocator@20d11153&#10;Build info: version: &apos;2.53.1&apos;, revision: &apos;a36b8b1cd5757287168e54b817830adce9b0158d&apos;, time: &apos;2016-06-30 19:26:09&apos;&#10;System info: host: &apos;delaasgh231199&apos;, ip: &apos;10.202.60.205&apos;, os.name: &apos;Windows 7&apos;, os.arch: &apos;amd64&apos;, os.version: &apos;6.1&apos;, java.version: &apos;1.8.0_101&apos;&#10;Driver info: driver.version: unknown" type="org.openqa.selenium.TimeoutException"><![CDATA[org.openqa.selenium.TimeoutException: Timed out after 100 seconds waiting for visibility of Proxy element for: org.openqa.selenium.support.pagefactory.DefaultElementLocator@20d11153
Build info: version: '2.53.1', revision: 'a36b8b1cd5757287168e54b817830adce9b0158d', time: '2016-06-30 19:26:09'
System info: host: 'delaasgh231199', ip: '10.202.60.205', os.name: 'Windows 7', os.arch: 'amd64', os.version: '6.1', java.version: '1.8.0_101'
Driver info: driver.version: unknown
	at <anonymous class>.FirefoxDriver.annotateInvalidSelectorError_(file:///C:/Users/aasgh2/AppData/Local/Temp/anonymous9005607609917230851webdriver-profile/extensions/fxdriver@googlecode.com/components/driver-component.js:10744)
	at <anonymous class>.FirefoxDriver.prototype.findElementInternal_(file:///C:/Users/aasgh2/AppData/Local/Temp/anonymous9005607609917230851webdriver-profile/extensions/fxdriver@googlecode.com/components/driver-component.js:10775)
	at <anonymous class>.FirefoxDriver.prototype.findElement(file:///C:/Users/aasgh2/AppData/Local/Temp/anonymous9005607609917230851webdriver-profile/extensions/fxdriver@googlecode.com/components/driver-component.js:10779)
	at <anonymous class>.DelayedCommand.prototype.executeInternal_/h(file:///C:/Users/aasgh2/AppData/Local/Temp/anonymous9005607609917230851webdriver-profile/extensions/fxdriver@googlecode.com/components/command-processor.js:12661)
	at <anonymous class>.DelayedCommand.prototype.executeInternal_(file:///C:/Users/aasgh2/AppData/Local/Temp/anonymous9005607609917230851webdriver-profile/extensions/fxdriver@googlecode.com/components/command-processor.js:12666)
	at <anonymous class>.DelayedCommand.prototype.execute/<(file:///C:/Users/aasgh2/AppData/Local/Temp/anonymous9005607609917230851webdriver-profile/extensions/fxdriver@googlecode.com/components/command-processor.js:12608)
]]></error>
  </testcase>
  <testcase name="And user navigate to tours-and-experiences page" classname="| AUGUST | 29 | gmalik4@sapient.com | secret11 | Jørn Utzon | 41111111111111111 | 03/2020 | 123 |" time="0">
    <skipped/>
  </testcase>
  <testcase name="Then user select tickets from tours list" classname="| AUGUST | 29 | gmalik4@sapient.com | secret11 | Jørn Utzon | 41111111111111111 | 03/2020 | 123 |" time="0">
    <skipped/>
  </testcase>
  <testcase name="And user click on add to cart" classname="| AUGUST | 29 | gmalik4@sapient.com | secret11 | Jørn Utzon | 41111111111111111 | 03/2020 | 123 |" time="0">
    <skipped/>
  </testcase>
  <testcase name="Given user is at  Checkout page" classname="| AUGUST | 29 | gmalik4@sapient.com | secret11 | Jørn Utzon | 41111111111111111 | 03/2020 | 123 |" time="0">
    <skipped/>
  </testcase>
  <testcase name="When user click on Sign-in button" classname="| AUGUST | 29 | gmalik4@sapient.com | secret11 | Jørn Utzon | 41111111111111111 | 03/2020 | 123 |" time="0">
    <skipped/>
  </testcase>
  <testcase name="Then user enter  username &quot;gmalik4@sapient.com&quot; and enter password &quot;secret11&quot; and click on signin button" classname="| AUGUST | 29 | gmalik4@sapient.com | secret11 | Jørn Utzon | 41111111111111111 | 03/2020 | 123 |" time="0">
    <skipped/>
  </testcase>
  <testcase name="And then user come to payement  section" classname="| AUGUST | 29 | gmalik4@sapient.com | secret11 | Jørn Utzon | 41111111111111111 | 03/2020 | 123 |" time="0">
    <skipped/>
  </testcase>
  <testcase name="Given user enter cardholder name in Card holder section &quot;Jørn Utzon&quot;" classname="| AUGUST | 29 | gmalik4@sapient.com | secret11 | Jørn Utzon | 41111111111111111 | 03/2020 | 123 |" time="0">
    <skipped/>
  </testcase>
  <testcase name="Given user enter cardnumber in cardnumber section &quot;41111111111111111&quot;" classname="| AUGUST | 29 | gmalik4@sapient.com | secret11 | Jørn Utzon | 41111111111111111 | 03/2020 | 123 |" time="0">
    <skipped/>
  </testcase>
  <testcase name="Given user enter expirydate in expirydate section &quot;29&quot;" classname="| AUGUST | 29 | gmalik4@sapient.com | secret11 | Jørn Utzon | 41111111111111111 | 03/2020 | 123 |" time="0">
    <skipped/>
  </testcase>
  <testcase name="Given user enter security code in cvv section &quot;123&quot;" classname="| AUGUST | 29 | gmalik4@sapient.com | secret11 | Jørn Utzon | 41111111111111111 | 03/2020 | 123 |" time="0">
    <skipped/>
  </testcase>
  <testcase name="Then user click on payment button" classname="| AUGUST | 29 | gmalik4@sapient.com | secret11 | Jørn Utzon | 41111111111111111 | 03/2020 | 123 |" time="0">
    <skipped/>
  </testcase>
  <testcase name="Given user enter cardholder name in Card holder section &quot;Jørn Utzon&quot;" classname="| AUGUST | 29 | gmalik4@sapient.com | secret11 | Jørn Utzon | 41111111111111111 | 03/2020 | 123 |" time="0">
    <skipped/>
  </testcase>
  <testcase name="Then user click on payment button" classname="| AUGUST | 29 | gmalik4@sapient.com | secret11 | Jørn Utzon | 41111111111111111 | 03/2020 | 123 |" time="0">
    <skipped/>
  </testcase>
  <testcase name="Then user navigate to order confirmation page" classname="| AUGUST | 29 | gmalik4@sapient.com | secret11 | Jørn Utzon | 41111111111111111 | 03/2020 | 123 |" time="0">
    <skipped/>
  </testcase>
</testsuite>